<?xml version="1.0" encoding="UTF-8"?>
<testng-results ignored="0" total="3" passed="3" failed="0" skipped="0">
  <reporter-output>
  </reporter-output>
  <suite started-at="2022-12-06T20:38:55 IST" name="Suite" finished-at="2022-12-06T20:39:08 IST" duration-ms="13182">
    <groups>
    </groups>
    <test started-at="2022-12-06T20:38:55 IST" name="Test" finished-at="2022-12-06T20:39:08 IST" duration-ms="13182">
      <class name="package1.appTest">
        <test-method signature="testLogin1()[pri:0, instance:package1.appTest@2c1b194a]" started-at="2022-12-06T20:38:55 IST" name="testLogin1" finished-at="2022-12-06T20:38:55 IST" duration-ms="12" status="PASS">
          <reporter-output>
          </reporter-output>
        </test-method> <!-- testLogin1 -->
        <test-method signature="testLogin2()[pri:0, instance:package1.appTest@2c1b194a]" started-at="2022-12-06T20:38:55 IST" name="testLogin2" finished-at="2022-12-06T20:38:55 IST" duration-ms="1" status="PASS">
          <reporter-output>
          </reporter-output>
        </test-method> <!-- testLogin2 -->
      </class> <!-- package1.appTest -->
      <class name="package1.TC1_login">
        <test-method signature="login_test()[pri:0, instance:package1.TC1_login@26e356f0]" started-at="2022-12-06T20:38:55 IST" name="login_test" finished-at="2022-12-06T20:39:08 IST" duration-ms="13133" status="PASS">
          <reporter-output>
          </reporter-output>
        </test-method> <!-- login_test -->
      </class> <!-- package1.TC1_login -->
    </test> <!-- Test -->
  </suite> <!-- Suite -->
</testng-results>
